<?xml version="1.0" encoding="UTF-8"?>
<testng-results ignored="0" total="1" passed="1" failed="0" skipped="0">
  <reporter-output>
  </reporter-output>
  <suite started-at="2023-01-19T16:21:25 IST" name="Default suite" finished-at="2023-01-19T16:21:37 IST" duration-ms="12380">
    <groups>
    </groups>
    <test started-at="2023-01-19T16:21:25 IST" name="Default test" finished-at="2023-01-19T16:21:37 IST" duration-ms="12380">
      <class name="com.TestCases.LoginTestCaseNEW">
        <test-method signature="Login()[pri:0, instance:com.TestCases.LoginTestCaseNEW@15c43bd9]" started-at="2023-01-19T16:21:25 IST" name="Login" finished-at="2023-01-19T16:21:37 IST" duration-ms="12354" status="PASS">
          <reporter-output>
          </reporter-output>
        </test-method> <!-- Login -->
      </class> <!-- com.TestCases.LoginTestCaseNEW -->
    </test> <!-- Default test -->
  </suite> <!-- Default suite -->
</testng-results>
